# JRE version: OpenJDK Runtime Environment Temurin-17.0.4.1+1 (17.0.4.1+1) (build 17.0.4.1+1)
# Java VM: OpenJDK 64-Bit Server VM Temurin-17.0.4.1+1 (17.0.4.1+1, mixed mode, emulated-client, tiered, compressed oops, compressed class ptrs, g1 gc, windows-amd64)
GC Precious Log:
 CPUs: 16 total, 16 available
 Memory: 16333M
 Large Page Support: Disabled
 NUMA Support: Disabled
 Compressed Oops: Enabled (Zero based)
 Heap Region Size: 2M
 Heap Min Capacity: 8M
 Heap Initial Capacity: 256M
 Heap Max Capacity: 4084M
 Pre-touch: Disabled
 Parallel Workers: 13
 Concurrent Workers: 3
 Concurrent Refinement Workers: 13
 Periodic GC: Disabled
Heap:
 garbage-first heap   total 847872K, used 202391K [0x0000000700c00000, 0x0000000800000000)
  region size 2048K, 23 young (47104K), 23 survivors (47104K)
 Metaspace       used 46270K, committed 46656K, reserved 1089536K
  class space    used 5736K, committed 5888K, reserved 1048576K
GC Heap History (20 events):
Event: 7.253 GC heap after
{Heap after GC invocations=12 (full 0):
 garbage-first heap   total 155648K, used 63273K [0x0000000700c00000, 0x0000000800000000)
  region size 2048K, 2 young (4096K), 2 survivors (4096K)
 Metaspace       used 35431K, committed 35776K, reserved 1081344K
  class space    used 4546K, committed 4736K, reserved 1048576K
}
Event: 7.263 GC heap before
{Heap before GC invocations=12 (full 0):
 garbage-first heap   total 155648K, used 110377K [0x0000000700c00000, 0x0000000800000000)
  region size 2048K, 26 young (53248K), 2 survivors (4096K)
 Metaspace       used 35482K, committed 35840K, reserved 1081344K
  class space    used 4556K, committed 4736K, reserved 1048576K
}
Event: 7.266 GC heap after
{Heap after GC invocations=13 (full 0):
 garbage-first heap   total 348160K, used 64437K [0x0000000700c00000, 0x0000000800000000)
  region size 2048K, 3 young (6144K), 3 survivors (6144K)
 Metaspace       used 35482K, committed 35840K, reserved 1081344K
  class space    used 4556K, committed 4736K, reserved 1048576K
}
Event: 7.315 GC heap before
{Heap before GC invocations=13 (full 0):
 garbage-first heap   total 348160K, used 246709K [0x0000000700c00000, 0x0000000800000000)
  region size 2048K, 93 young (190464K), 3 survivors (6144K)
 Metaspace       used 35703K, committed 36032K, reserved 1081344K
  class space    used 4601K, committed 4736K, reserved 1048576K
}
Event: 7.321 GC heap after
{Heap after GC invocations=14 (full 0):
 garbage-first heap   total 348160K, used 70986K [0x0000000700c00000, 0x0000000800000000)
  region size 2048K, 6 young (12288K), 6 survivors (12288K)
 Metaspace       used 35703K, committed 36032K, reserved 1081344K
  class space    used 4601K, committed 4736K, reserved 1048576K
}
Event: 7.356 GC heap before
{Heap before GC invocations=14 (full 0):
 garbage-first heap   total 348160K, used 202058K [0x0000000700c00000, 0x0000000800000000)
  region size 2048K, 72 young (147456K), 6 survivors (12288K)
 Metaspace       used 35852K, committed 36224K, reserved 1081344K
  class space    used 4637K, committed 4800K, reserved 1048576K
}
Event: 7.361 GC heap after
{Heap after GC invocations=15 (full 0):
 garbage-first heap   total 348160K, used 77319K [0x0000000700c00000, 0x0000000800000000)
  region size 2048K, 9 young (18432K), 9 survivors (18432K)
 Metaspace       used 35852K, committed 36224K, reserved 1081344K
  class space    used 4637K, committed 4800K, reserved 1048576K
}
Event: 7.445 GC heap before
{Heap before GC invocations=16 (full 0):
 garbage-first heap   total 348160K, used 265735K [0x0000000700c00000, 0x0000000800000000)
  region size 2048K, 102 young (208896K), 9 survivors (18432K)
 Metaspace       used 36088K, committed 36416K, reserved 1081344K
  class space    used 4694K, committed 4864K, reserved 1048576K
}
Event: 7.455 GC heap after
{Heap after GC invocations=17 (full 0):
 garbage-first heap   total 348160K, used 85041K [0x0000000700c00000, 0x0000000800000000)
  region size 2048K, 11 young (22528K), 11 survivors (22528K)
 Metaspace       used 36088K, committed 36416K, reserved 1081344K
  class space    used 4694K, committed 4864K, reserved 1048576K
}
Event: 7.510 GC heap before
{Heap before GC invocations=17 (full 0):
 garbage-first heap   total 348160K, used 269361K [0x0000000700c00000, 0x0000000800000000)
  region size 2048K, 102 young (208896K), 11 survivors (22528K)
 Metaspace       used 36309K, committed 36608K, reserved 1081344K
  class space    used 4740K, committed 4864K, reserved 1048576K
}
Event: 7.521 GC heap after
{Heap after GC invocations=18 (full 0):
 garbage-first heap   total 348160K, used 93072K [0x0000000700c00000, 0x0000000800000000)
  region size 2048K, 11 young (22528K), 11 survivors (22528K)
 Metaspace       used 36309K, committed 36608K, reserved 1081344K
  class space    used 4740K, committed 4864K, reserved 1048576K
}
Event: 7.565 GC heap before
{Heap before GC invocations=18 (full 0):
 garbage-first heap   total 348160K, used 277392K [0x0000000700c00000, 0x0000000800000000)
  region size 2048K, 102 young (208896K), 11 survivors (22528K)
 Metaspace       used 36326K, committed 36672K, reserved 1081344K
  class space    used 4743K, committed 4928K, reserved 1048576K
}
Event: 7.579 GC heap after
{Heap after GC invocations=19 (full 0):
 garbage-first heap   total 847872K, used 100433K [0x0000000700c00000, 0x0000000800000000)
  region size 2048K, 8 young (16384K), 8 survivors (16384K)
 Metaspace       used 36326K, committed 36672K, reserved 1081344K
  class space    used 4743K, committed 4928K, reserved 1048576K
}
Event: 7.731 GC heap before
{Heap before GC invocations=19 (full 0):
 garbage-first heap   total 847872K, used 589905K [0x0000000700c00000, 0x0000000800000000)
  region size 2048K, 248 young (507904K), 8 survivors (16384K)
 Metaspace       used 36497K, committed 36800K, reserved 1081344K
  class space    used 4774K, committed 4928K, reserved 1048576K
}
Event: 7.744 GC heap after
{Heap after GC invocations=20 (full 0):
 garbage-first heap   total 847872K, used 127057K [0x0000000700c00000, 0x0000000800000000)
  region size 2048K, 21 young (43008K), 21 survivors (43008K)
 Metaspace       used 36497K, committed 36800K, reserved 1081344K
  class space    used 4774K, committed 4928K, reserved 1048576K
}
Event: 8.192 GC heap before
{Heap before GC invocations=20 (full 0):
 garbage-first heap   total 847872K, used 589905K [0x0000000700c00000, 0x0000000800000000)
  region size 2048K, 248 young (507904K), 21 survivors (43008K)
 Metaspace       used 39741K, committed 40128K, reserved 1089536K
  class space    used 5054K, committed 5248K, reserved 1048576K
}
Event: 8.212 GC heap after
{Heap after GC invocations=21 (full 0):
 garbage-first heap   total 847872K, used 156596K [0x0000000700c00000, 0x0000000800000000)
  region size 2048K, 29 young (59392K), 29 survivors (59392K)
 Metaspace       used 39741K, committed 40128K, reserved 1089536K
  class space    used 5054K, committed 5248K, reserved 1048576K
}
Event: 8.510 GC heap before
{Heap before GC invocations=21 (full 0):
 garbage-first heap   total 847872K, used 605108K [0x0000000700c00000, 0x0000000800000000)
  region size 2048K, 248 young (507904K), 29 survivors (59392K)
 Metaspace       used 43976K, committed 44352K, reserved 1089536K
  class space    used 5481K, committed 5632K, reserved 1048576K
}
Event: 8.533 GC heap after
{Heap after GC invocations=22 (full 0):
 garbage-first heap   total 847872K, used 179010K [0x0000000700c00000, 0x0000000800000000)
  region size 2048K, 26 young (53248K), 26 survivors (53248K)
 Metaspace       used 43976K, committed 44352K, reserved 1089536K
  class space    used 5481K, committed 5632K, reserved 1048576K
}
Event: 8.914 GC heap before
{Heap before GC invocations=22 (full 0):
 garbage-first heap   total 847872K, used 631618K [0x0000000700c00000, 0x0000000800000000)
  region size 2048K, 248 young (507904K), 26 survivors (53248K)
 Metaspace       used 46270K, committed 46656K, reserved 1089536K
  class space    used 5736K, committed 5888K, reserved 1048576K
}

