# JRE version: OpenJDK Runtime Environment Temurin-17.0.4.1+1 (17.0.4.1+1) (build 17.0.4.1+1)
# Java VM: OpenJDK 64-Bit Server VM Temurin-17.0.4.1+1 (17.0.4.1+1, mixed mode, emulated-client, tiered, compressed oops, compressed class ptrs, g1 gc, windows-amd64)
GC Precious Log:
 CPUs: 16 total, 16 available
 Memory: 16333M
 Large Page Support: Disabled
 NUMA Support: Disabled
 Compressed Oops: Enabled (Zero based)
 Heap Region Size: 2M
 Heap Min Capacity: 8M
 Heap Initial Capacity: 256M
 Heap Max Capacity: 4084M
 Pre-touch: Disabled
 Parallel Workers: 13
 Concurrent Workers: 3
 Concurrent Refinement Workers: 13
 Periodic GC: Disabled
Heap:
 garbage-first heap   total 1083392K, used 204864K [0x0000000700c00000, 0x0000000800000000)
  region size 2048K, 27 young (55296K), 27 survivors (55296K)
 Metaspace       used 42472K, committed 42880K, reserved 1089536K
  class space    used 5556K, committed 5760K, reserved 1048576K
GC Heap History (20 events):
Event: 2.298 GC heap after
{Heap after GC invocations=11 (full 0):
 garbage-first heap   total 161792K, used 60383K [0x0000000700c00000, 0x0000000800000000)
  region size 2048K, 5 young (10240K), 5 survivors (10240K)
 Metaspace       used 36900K, committed 37248K, reserved 1081344K
  class space    used 4764K, committed 4928K, reserved 1048576K
}
Event: 2.305 GC heap before
{Heap before GC invocations=11 (full 0):
 garbage-first heap   total 161792K, used 107487K [0x0000000700c00000, 0x0000000800000000)
  region size 2048K, 29 young (59392K), 5 survivors (10240K)
 Metaspace       used 36905K, committed 37248K, reserved 1081344K
  class space    used 4764K, committed 4928K, reserved 1048576K
}
Event: 2.311 GC heap after
{Heap after GC invocations=12 (full 0):
 garbage-first heap   total 161792K, used 64078K [0x0000000700c00000, 0x0000000800000000)
  region size 2048K, 2 young (4096K), 2 survivors (4096K)
 Metaspace       used 36905K, committed 37248K, reserved 1081344K
  class space    used 4764K, committed 4928K, reserved 1048576K
}
Event: 2.318 GC heap before
{Heap before GC invocations=12 (full 0):
 garbage-first heap   total 161792K, used 113230K [0x0000000700c00000, 0x0000000800000000)
  region size 2048K, 27 young (55296K), 2 survivors (4096K)
 Metaspace       used 36911K, committed 37248K, reserved 1081344K
  class space    used 4765K, committed 4928K, reserved 1048576K
}
Event: 2.321 GC heap after
{Heap after GC invocations=13 (full 0):
 garbage-first heap   total 385024K, used 65879K [0x0000000700c00000, 0x0000000800000000)
  region size 2048K, 3 young (6144K), 3 survivors (6144K)
 Metaspace       used 36911K, committed 37248K, reserved 1081344K
  class space    used 4765K, committed 4928K, reserved 1048576K
}
Event: 2.361 GC heap before
{Heap before GC invocations=13 (full 0):
 garbage-first heap   total 385024K, used 274775K [0x0000000700c00000, 0x0000000800000000)
  region size 2048K, 106 young (217088K), 3 survivors (6144K)
 Metaspace       used 37038K, committed 37312K, reserved 1089536K
  class space    used 4781K, committed 4928K, reserved 1048576K
}
Event: 2.367 GC heap after
{Heap after GC invocations=14 (full 0):
 garbage-first heap   total 385024K, used 73572K [0x0000000700c00000, 0x0000000800000000)
  region size 2048K, 7 young (14336K), 7 survivors (14336K)
 Metaspace       used 37038K, committed 37312K, reserved 1089536K
  class space    used 4781K, committed 4928K, reserved 1048576K
}
Event: 2.391 GC heap before
{Heap before GC invocations=14 (full 0):
 garbage-first heap   total 385024K, used 286564K [0x0000000700c00000, 0x0000000800000000)
  region size 2048K, 112 young (229376K), 7 survivors (14336K)
 Metaspace       used 37221K, committed 37504K, reserved 1089536K
  class space    used 4804K, committed 4928K, reserved 1048576K
}
Event: 2.400 GC heap after
{Heap after GC invocations=15 (full 0):
 garbage-first heap   total 385024K, used 82621K [0x0000000700c00000, 0x0000000800000000)
  region size 2048K, 11 young (22528K), 11 survivors (22528K)
 Metaspace       used 37221K, committed 37504K, reserved 1089536K
  class space    used 4804K, committed 4928K, reserved 1048576K
}
Event: 2.425 GC heap before
{Heap before GC invocations=15 (full 0):
 garbage-first heap   total 385024K, used 287421K [0x0000000700c00000, 0x0000000800000000)
  region size 2048K, 112 young (229376K), 11 survivors (22528K)
 Metaspace       used 37437K, committed 37760K, reserved 1089536K
  class space    used 4829K, committed 4992K, reserved 1048576K
}
Event: 2.437 GC heap after
{Heap after GC invocations=16 (full 0):
 garbage-first heap   total 385024K, used 91952K [0x0000000700c00000, 0x0000000800000000)
  region size 2048K, 10 young (20480K), 10 survivors (20480K)
 Metaspace       used 37437K, committed 37760K, reserved 1089536K
  class space    used 4829K, committed 4992K, reserved 1048576K
}
Event: 2.461 GC heap before
{Heap before GC invocations=16 (full 0):
 garbage-first heap   total 385024K, used 298800K [0x0000000700c00000, 0x0000000800000000)
  region size 2048K, 112 young (229376K), 10 survivors (20480K)
 Metaspace       used 37663K, committed 37952K, reserved 1089536K
  class space    used 4848K, committed 4992K, reserved 1048576K
}
Event: 2.474 GC heap after
{Heap after GC invocations=17 (full 0):
 garbage-first heap   total 1083392K, used 99710K [0x0000000700c00000, 0x0000000800000000)
  region size 2048K, 9 young (18432K), 9 survivors (18432K)
 Metaspace       used 37663K, committed 37952K, reserved 1089536K
  class space    used 4848K, committed 4992K, reserved 1048576K
}
Event: 2.658 GC heap before
{Heap before GC invocations=17 (full 0):
 garbage-first heap   total 1083392K, used 728446K [0x0000000700c00000, 0x0000000800000000)
  region size 2048K, 317 young (649216K), 9 survivors (18432K)
 Metaspace       used 38857K, committed 39168K, reserved 1089536K
  class space    used 4917K, committed 5056K, reserved 1048576K
}
Event: 2.677 GC heap after
{Heap after GC invocations=18 (full 0):
 garbage-first heap   total 1083392K, used 133845K [0x0000000700c00000, 0x0000000800000000)
  region size 2048K, 26 young (53248K), 26 survivors (53248K)
 Metaspace       used 38857K, committed 39168K, reserved 1089536K
  class space    used 4917K, committed 5056K, reserved 1048576K
}
Event: 3.069 GC heap before
{Heap before GC invocations=18 (full 0):
 garbage-first heap   total 1083392K, used 729813K [0x0000000700c00000, 0x0000000800000000)
  region size 2048K, 317 young (649216K), 26 survivors (53248K)
 Metaspace       used 40610K, committed 40960K, reserved 1089536K
  class space    used 5187K, committed 5376K, reserved 1048576K
}
Event: 3.100 GC heap after
{Heap after GC invocations=19 (full 0):
 garbage-first heap   total 1083392K, used 168560K [0x0000000700c00000, 0x0000000800000000)
  region size 2048K, 35 young (71680K), 35 survivors (71680K)
 Metaspace       used 40610K, committed 40960K, reserved 1089536K
  class space    used 5187K, committed 5376K, reserved 1048576K
}
Event: 3.770 GC heap before
{Heap before GC invocations=19 (full 0):
 garbage-first heap   total 1083392K, used 744048K [0x0000000700c00000, 0x0000000800000000)
  region size 2048K, 317 young (649216K), 35 survivors (71680K)
 Metaspace       used 40746K, committed 41088K, reserved 1089536K
  class space    used 5209K, committed 5376K, reserved 1048576K
}
Event: 3.802 GC heap after
{Heap after GC invocations=20 (full 0):
 garbage-first heap   total 1083392K, used 198720K [0x0000000700c00000, 0x0000000800000000)
  region size 2048K, 32 young (65536K), 32 survivors (65536K)
 Metaspace       used 40746K, committed 41088K, reserved 1089536K
  class space    used 5209K, committed 5376K, reserved 1048576K
}
Event: 4.519 GC heap before
{Heap before GC invocations=20 (full 0):
 garbage-first heap   total 1083392K, used 782400K [0x0000000700c00000, 0x0000000800000000)
  region size 2048K, 317 young (649216K), 32 survivors (65536K)
 Metaspace       used 42472K, committed 42880K, reserved 1089536K
  class space    used 5556K, committed 5760K, reserved 1048576K
}

